<?xml version="1.0" encoding="UTF-8"?>
<testng-results ignored="0" total="1" passed="1" failed="0" skipped="0">
  <reporter-output>
  </reporter-output>
  <suite started-at="2025-09-14T16:01:32 IST" name="Default suite" finished-at="2025-09-14T16:01:37 IST" duration-ms="4633">
    <groups>
    </groups>
    <test started-at="2025-09-14T16:01:32 IST" name="Default test" finished-at="2025-09-14T16:01:37 IST" duration-ms="4633">
      <class name="day3.ValidateCookies">
        <test-method signature="getCookieInfo()[pri:0, instance:day3.ValidateCookies@46cdf8bd]" started-at="2025-09-14T16:01:33 IST" name="getCookieInfo" finished-at="2025-09-14T16:01:37 IST" duration-ms="4582" status="PASS">
          <reporter-output>
          </reporter-output>
        </test-method> <!-- getCookieInfo -->
      </class> <!-- day3.ValidateCookies -->
    </test> <!-- Default test -->
  </suite> <!-- Default suite -->
</testng-results>
