<?xml version="1.0" encoding="UTF-8"?>
<testng-results ignored="1" total="2" passed="1" failed="0" skipped="0">
  <reporter-output>
  </reporter-output>
  <suite started-at="2025-09-07T13:59:41 IST" name="Default suite" finished-at="2025-09-07T13:59:44 IST" duration-ms="3479">
    <groups>
    </groups>
    <test started-at="2025-09-07T13:59:41 IST" name="Default test" finished-at="2025-09-07T13:59:44 IST" duration-ms="3479">
      <class name="day2.PostRequestBody">
        <test-method signature="postBody4()[pri:0, instance:day2.PostRequestBody@54c5a2ff]" started-at="2025-09-07T13:59:41 IST" name="postBody4" finished-at="2025-09-07T13:59:44 IST" duration-ms="3419" status="PASS">
          <reporter-output>
          </reporter-output>
        </test-method> <!-- postBody4 -->
      </class> <!-- day2.PostRequestBody -->
    </test> <!-- Default test -->
  </suite> <!-- Default suite -->
</testng-results>
